----------------------------------------------------------------
2014-07-21 08:40:45.412 GMT:
 Booting Derby version The Apache Software Foundation - Apache Derby - 10.5.3.0 - (802917): instance a816c00e-0147-5814-83e3-000001cee610
on database directory /Users/olivier/github/phi/master/phi-site/target/tomcat/webapps/phi-site-magnolia-webapp/repositories/magnolia/version/db  

Database Class Loader started - derby.database.classpath=''
----------------------------------------------------------------
2014-07-21 08:40:47.198 GMT:
 Booting Derby version The Apache Software Foundation - Apache Derby - 10.5.3.0 - (802917): instance 9a4840c2-0147-5814-83e3-000001cee610
on database directory /Users/olivier/github/phi/master/phi-site/target/tomcat/webapps/phi-site-magnolia-webapp/repositories/magnolia/workspaces/default/db  

Database Class Loader started - derby.database.classpath=''
----------------------------------------------------------------
2014-07-21 08:40:48.935 GMT:
 Booting Derby version The Apache Software Foundation - Apache Derby - 10.5.3.0 - (802917): instance fcd90178-0147-5814-83e3-000001cee610
on database directory /Users/olivier/github/phi/master/phi-site/target/tomcat/webapps/phi-site-magnolia-webapp/repositories/magnolia/workspaces/website/db  

Database Class Loader started - derby.database.classpath=''
----------------------------------------------------------------
2014-07-21 08:40:50.209 GMT:
 Booting Derby version The Apache Software Foundation - Apache Derby - 10.5.3.0 - (802917): instance 19660231-0147-5814-83e3-000001cee610
on database directory /Users/olivier/github/phi/master/phi-site/target/tomcat/webapps/phi-site-magnolia-webapp/repositories/magnolia/workspaces/config/db  

Database Class Loader started - derby.database.classpath=''
----------------------------------------------------------------
2014-07-21 08:40:50.666 GMT:
 Booting Derby version The Apache Software Foundation - Apache Derby - 10.5.3.0 - (802917): instance ed3142e7-0147-5814-83e3-000001cee610
on database directory /Users/olivier/github/phi/master/phi-site/target/tomcat/webapps/phi-site-magnolia-webapp/repositories/magnolia/workspaces/users/db  

Database Class Loader started - derby.database.classpath=''
----------------------------------------------------------------
2014-07-21 08:40:51.078 GMT:
 Booting Derby version The Apache Software Foundation - Apache Derby - 10.5.3.0 - (802917): instance 6155839d-0147-5814-83e3-000001cee610
on database directory /Users/olivier/github/phi/master/phi-site/target/tomcat/webapps/phi-site-magnolia-webapp/repositories/magnolia/workspaces/userroles/db  

Database Class Loader started - derby.database.classpath=''
----------------------------------------------------------------
2014-07-21 08:40:51.475 GMT:
 Booting Derby version The Apache Software Foundation - Apache Derby - 10.5.3.0 - (802917): instance f5d2c453-0147-5814-83e3-000001cee610
on database directory /Users/olivier/github/phi/master/phi-site/target/tomcat/webapps/phi-site-magnolia-webapp/repositories/magnolia/workspaces/usergroups/db  

Database Class Loader started - derby.database.classpath=''
----------------------------------------------------------------
2014-07-21 08:40:51.826 GMT:
 Booting Derby version The Apache Software Foundation - Apache Derby - 10.5.3.0 - (802917): instance 2aa90509-0147-5814-83e3-000001cee610
on database directory /Users/olivier/github/phi/master/phi-site/target/tomcat/webapps/phi-site-magnolia-webapp/repositories/magnolia/workspaces/mgnlSystem/db  

Database Class Loader started - derby.database.classpath=''
----------------------------------------------------------------
2014-07-21 08:40:52.131 GMT:
 Booting Derby version The Apache Software Foundation - Apache Derby - 10.5.3.0 - (802917): instance 7fd845bf-0147-5814-83e3-000001cee610
on database directory /Users/olivier/github/phi/master/phi-site/target/tomcat/webapps/phi-site-magnolia-webapp/repositories/magnolia/workspaces/mgnlVersion/db  

Database Class Loader started - derby.database.classpath=''
----------------------------------------------------------------
2014-07-21 08:41:09.301 GMT:
 Booting Derby version The Apache Software Foundation - Apache Derby - 10.5.3.0 - (802917): instance 75608675-0147-5814-83e3-000001cee610
on database directory /Users/olivier/github/phi/master/phi-site/target/tomcat/webapps/phi-site-magnolia-webapp/repositories/magnolia/workspaces/imaging/db  

Database Class Loader started - derby.database.classpath=''
----------------------------------------------------------------
2014-07-21 08:41:10.093 GMT:
 Booting Derby version The Apache Software Foundation - Apache Derby - 10.5.3.0 - (802917): instance 7fd24732-0147-5814-83e3-000001cee610
on database directory /Users/olivier/github/phi/master/phi-site/target/tomcat/webapps/phi-site-magnolia-webapp/repositories/magnolia/workspaces/messages/db  

Database Class Loader started - derby.database.classpath=''
----------------------------------------------------------------
2014-07-21 08:41:10.530 GMT:
 Booting Derby version The Apache Software Foundation - Apache Derby - 10.5.3.0 - (802917): instance d14507e9-0147-5814-83e3-000001cee610
on database directory /Users/olivier/github/phi/master/phi-site/target/tomcat/webapps/phi-site-magnolia-webapp/repositories/magnolia/workspaces/profiles/db  

Database Class Loader started - derby.database.classpath=''
----------------------------------------------------------------
2014-07-21 08:41:10.891 GMT:
 Booting Derby version The Apache Software Foundation - Apache Derby - 10.5.3.0 - (802917): instance a944489f-0147-5814-83e3-000001cee610
on database directory /Users/olivier/github/phi/master/phi-site/target/tomcat/webapps/phi-site-magnolia-webapp/repositories/magnolia/workspaces/dms/db  

Database Class Loader started - derby.database.classpath=''
----------------------------------------------------------------
2014-07-21 08:41:11.307 GMT:
 Booting Derby version The Apache Software Foundation - Apache Derby - 10.5.3.0 - (802917): instance c6474957-0147-5814-83e3-000001cee610
on database directory /Users/olivier/github/phi/master/phi-site/target/tomcat/webapps/phi-site-magnolia-webapp/repositories/magnolia/workspaces/dam/db  

Database Class Loader started - derby.database.classpath=''

2014-07-21 08:41:56.434 GMT:
Shutting down instance 7fd845bf-0147-5814-83e3-000001cee610
----------------------------------------------------------------

2014-07-21 08:41:56.598 GMT:
Shutting down instance fcd90178-0147-5814-83e3-000001cee610
----------------------------------------------------------------

2014-07-21 08:41:56.635 GMT:
Shutting down instance d14507e9-0147-5814-83e3-000001cee610
----------------------------------------------------------------

2014-07-21 08:41:56.688 GMT:
Shutting down instance a944489f-0147-5814-83e3-000001cee610
----------------------------------------------------------------

2014-07-21 08:41:56.745 GMT:
Shutting down instance 75608675-0147-5814-83e3-000001cee610
----------------------------------------------------------------

2014-07-21 08:41:56.809 GMT:
Shutting down instance ed3142e7-0147-5814-83e3-000001cee610
----------------------------------------------------------------

2014-07-21 08:41:56.855 GMT:
Shutting down instance c6474957-0147-5814-83e3-000001cee610
----------------------------------------------------------------

2014-07-21 08:41:56.917 GMT:
Shutting down instance 9a4840c2-0147-5814-83e3-000001cee610
----------------------------------------------------------------

2014-07-21 08:41:57.454 GMT:
Shutting down instance 6155839d-0147-5814-83e3-000001cee610
----------------------------------------------------------------

2014-07-21 08:41:57.599 GMT:
Shutting down instance f5d2c453-0147-5814-83e3-000001cee610
----------------------------------------------------------------

2014-07-21 08:41:57.665 GMT:
Shutting down instance 2aa90509-0147-5814-83e3-000001cee610
----------------------------------------------------------------

2014-07-21 08:41:57.700 GMT:
Shutting down instance 7fd24732-0147-5814-83e3-000001cee610
----------------------------------------------------------------

2014-07-21 08:41:57.815 GMT:
Shutting down instance 19660231-0147-5814-83e3-000001cee610
----------------------------------------------------------------

2014-07-21 08:41:57.854 GMT:
Shutting down instance a816c00e-0147-5814-83e3-000001cee610
----------------------------------------------------------------
